proguard/seeds.txt
com.jvanier.android.sendtocar.R$anim: int abc_fade_in
com.jvanier.android.sendtocar.R$anim: int abc_fade_out
com.jvanier.android.sendtocar.R$anim: int abc_slide_in_bottom
com.jvanier.android.sendtocar.R$anim: int abc_slide_in_top
com.jvanier.android.sendtocar.R$anim: int abc_slide_out_bottom
com.jvanier.android.sendtocar.R$anim: int abc_slide_out_top
com.jvanier.android.sendtocar.R$anim: int com_mixpanel_android_fade_in
com.jvanier.android.sendtocar.R$anim: int com_mixpanel_android_fade_out
com.jvanier.android.sendtocar.R$anim: int com_mixpanel_android_slide_down
com.jvanier.android.sendtocar.R$attr: int actionBarDivider
com.jvanier.android.sendtocar.R$attr: int actionBarItemBackground
com.jvanier.android.sendtocar.R$attr: int actionBarPopupTheme
com.jvanier.android.sendtocar.R$attr: int actionBarSize
com.jvanier.android.sendtocar.R$attr: int actionBarSplitStyle
com.jvanier.android.sendtocar.R$attr: int actionBarStyle
com.jvanier.android.sendtocar.R$attr: int actionBarTabBarStyle
com.jvanier.android.sendtocar.R$attr: int actionBarTabStyle
com.jvanier.android.sendtocar.R$attr: int actionBarTabTextStyle
com.jvanier.android.sendtocar.R$attr: int actionBarTheme
com.jvanier.android.sendtocar.R$attr: int actionBarWidgetTheme
com.jvanier.android.sendtocar.R$attr: int actionButtonStyle
com.jvanier.android.sendtocar.R$attr: int actionDropDownStyle
com.jvanier.android.sendtocar.R$attr: int actionLayout
com.jvanier.android.sendtocar.R$attr: int actionMenuTextAppearance
com.jvanier.android.sendtocar.R$attr: int actionMenuTextColor
com.jvanier.android.sendtocar.R$attr: int actionModeBackground
com.jvanier.android.sendtocar.R$attr: int actionModeCloseButtonStyle
com.jvanier.android.sendtocar.R$attr: int actionModeCloseDrawable
com.jvanier.android.sendtocar.R$attr: int actionModeCopyDrawable
com.jvanier.android.sendtocar.R$attr: int actionModeCutDrawable
com.jvanier.android.sendtocar.R$attr: int actionModeFindDrawable
com.jvanier.android.sendtocar.R$attr: int actionModePasteDrawable
com.jvanier.android.sendtocar.R$bool: int abc_action_bar_embed_tabs
com.jvanier.android.sendtocar.R$bool: int abc_action_bar_embed_tabs_pre_jb
com.jvanier.android.sendtocar.R$bool: int abc_action_bar_expanded_action_views_exclusive
com.jvanier.android.sendtocar.R$bool: int abc_config_actionMenuItemAllCaps
com.jvanier.android.sendtocar.R$bool: int abc_config_allowActionMenuItemTextWithIcon
com.jvanier.android.sendtocar.R$bool: int abc_config_showMenuShortcutsWhenKeyboardPresent
com.jvanier.android.sendtocar.R$bool: int default_circle_indicator_centered
com.jvanier.android.sendtocar.R$bool: int default_circle_indicator_snap
com.jvanier.android.sendtocar.R$bool: int default_line_indicator_centered
com.jvanier.android.sendtocar.R$bool: int default_title_indicator_selected_bold
com.jvanier.android.sendtocar.R$bool: int default_underline_indicator_fades
...
com.google.android.gms.common.GooglePlayServicesRepairableException
com.google.android.gms.common.GooglePlayServicesRepairableException: int Dr
com.google.android.gms.common.SignInButton: void setSize(int)
com.google.android.gms.common.SignInButton: void setColorScheme(int)
com.google.android.gms.common.SignInButton: void setOnClickListener(android.view.View$OnClickListener)
com.google.android.gms.common.SignInButton: void setEnabled(boolean)
com.google.android.gms.common.UserRecoverableException
com.google.android.gms.common.UserRecoverableException: android.content.Intent mIntent
com.google.android.gms.common.api.Status
com.google.android.gms.common.data.DataHolder
com.google.android.gms.common.data.a
com.google.android.gms.common.data.a: android.os.Parcelable$Creator CREATOR
com.google.android.gms.common.images.ImageManager$ImageReceiver
com.google.android.gms.common.images.WebImage
com.google.android.gms.common.images.WebImage: android.os.Parcelable$Creator CREATOR
com.google.android.gms.common.internal.ClientSettings$ParcelableClientSettings
com.google.android.gms.common.internal.d
com.google.android.gms.common.internal.safeparcel.SafeParcelable
com.google.android.gms.common.internal.safeparcel.a$a
com.google.android.gms.drive.Contents
com.google.android.gms.drive.Contents: android.os.Parcelable$Creator CREATOR
com.google.android.gms.drive.DriveId
com.google.android.gms.drive.DriveId: android.os.Parcelable$Creator CREATOR
com.google.android.gms.drive.DrivePreferences
com.google.android.gms.drive.DrivePreferences: android.os.Parcelable$Creator CREATOR
com.google.android.gms.drive.RealtimeDocumentSyncRequest
com.google.android.gms.drive.RealtimeDocumentSyncRequest: android.os.Parcelable$Creator CREATOR
com.google.android.gms.drive.StorageStats
com.google.android.gms.drive.StorageStats: android.os.Parcelable$Creator CREATOR
com.google.android.gms.drive.UserMetadata
com.google.android.gms.drive.UserMetadata: android.os.Parcelable$Creator CREATOR
com.google.android.gms.drive.events.ChangeEvent
com.google.android.gms.drive.events.ChangeEvent: android.os.Parcelable$Creator CREATOR
com.google.android.gms.drive.events.CompletionEvent
com.google.android.gms.drive.events.CompletionEvent: android.os.Parcelable$Creator CREATOR
com.google.android.gms.drive.events.DriveEvent
com.google.android.gms.drive.events.ResourceEvent
com.google.android.gms.drive.i
com.google.android.gms.drive.internal.AddEventListenerRequest
com.google.android.gms.drive.internal.AddEventListenerRequest: android.os.Parcelable$Creator CREATOR
com.google.android.gms.drive.internal.AuthorizeAccessRequest
com.google.android.gms.drive.internal.AuthorizeAccessRequest: android.os.Parcelable$Creator CREATOR
com.google.android.gms.drive.internal.CheckResourceIdsExistRequest
com.google.android.gms.drive.internal.CheckResourceIdsExistRequest: android.os.Parcelable$Creator CREATOR
com.google.android.gms.drive.internal.CloseContentsAndUpdateMetadataRequest
com.google.android.gms.drive.internal.CloseContentsAndUpdateMetadataRequest: android.os.Parcelable$Creator CREATOR
com.google.android.gms.drive.internal.CloseContentsRequest
com.google.android.gms.drive.internal.CloseContentsRequest: android.os.Parcelable$Creator CREATOR
com.google.android.gms.drive.internal.CreateContentsRequest
com.google.android.gms.drive.internal.CreateContentsRequest: android.os.Parcelable$Creator CREATOR
com.google.android.gms.drive.internal.CreateFileIntentSenderRequest
com.google.android.gms.drive.internal.CreateFileIntentSenderRequest: android.os.Parcelable$Creator CREATOR
com.google.android.gms.drive.internal.CreateFileRequest
com.google.android.gms.drive.internal.CreateFileRequest: android.os.Parcelable$Creator CREATOR
com.google.android.gms.drive.internal.CreateFolderRequest
com.google.android.gms.drive.internal.CreateFolderRequest: android.os.Parcelable$Creator CREATOR