proguard/mapping.txt
com.jvanier.android.sendtocar.common.AbortHttpRequest -> com.jvanier.android.sendtocar.common.a:
    void abortRequests(org.apache.http.client.methods.HttpUriRequest[]) -> a
    void doAbort(org.apache.http.client.methods.HttpUriRequest[]) -> c
    void access$0(org.apache.http.client.methods.HttpUriRequest[]) -> b
com.jvanier.android.sendtocar.common.AbortHttpRequest$1 -> com.jvanier.android.sendtocar.common.b:
    org.apache.http.client.methods.HttpUriRequest[] val$requests -> a
    void run() -> run
com.jvanier.android.sendtocar.common.BackgroundTaskAbort -> com.jvanier.android.sendtocar.common.BackgroundTaskAbort:
    long serialVersionUID -> serialVersionUID
    int messageId -> messageId
com.jvanier.android.sendtocar.common.HttpClientTrustAll -> com.jvanier.android.sendtocar.common.c:
    org.apache.http.client.HttpClient getNewHttpClient() -> a
com.jvanier.android.sendtocar.common.HttpClientTrustAll$MySSLSocketFactory -> com.jvanier.android.sendtocar.common.d:
    javax.net.ssl.SSLContext sslContext -> a
    com.jvanier.android.sendtocar.common.HttpClientTrustAll this$0 -> b
    java.net.Socket createSocket(java.net.Socket,java.lang.String,int,boolean) -> createSocket
    java.net.Socket createSocket() -> createSocket
com.jvanier.android.sendtocar.common.HttpClientTrustAll$MySSLSocketFactory$1 -> com.jvanier.android.sendtocar.common.e:
    com.jvanier.android.sendtocar.common.HttpClientTrustAll$MySSLSocketFactory this$1 -> a
    void checkClientTrusted(java.security.cert.X509Certificate[],java.lang.String) -> checkClientTrusted
    void checkServerTrusted(java.security.cert.X509Certificate[],java.lang.String) -> checkServerTrusted
    java.security.cert.X509Certificate[] getAcceptedIssuers() -> getAcceptedIssuers
com.jvanier.android.sendtocar.common.Log -> com.jvanier.android.sendtocar.common.f:
    boolean mEnabled -> a
    java.io.FileOutputStream mLogFileOut -> b
    boolean isEnabled() -> a
    boolean hasLogFile() -> b
    void enableToLogCat() -> c
    void enableToFile(android.content.Context) -> a
    void printToFile(java.lang.String,java.lang.String) -> a
    java.lang.String readLog(android.content.Context) -> b
    void disableAndDeleteFile(android.content.Context) -> c
    int d(java.lang.String,java.lang.String) -> b
    int d(java.lang.String,java.lang.String,java.lang.Throwable) -> a
    int i(java.lang.String,java.lang.String) -> c
    int w(java.lang.String,java.lang.String) -> d
    int w(java.lang.String,java.lang.String,java.lang.Throwable) -> b
    int e(java.lang.String,java.lang.String) -> e
    int e(java.lang.String,java.lang.String,java.lang.Throwable) -> c
com.jvanier.android.sendtocar.common.Mixpanel -> com.jvanier.android.sendtocar.common.g:
    com.mixpanel.android.mpmetrics.MixpanelAPI MIXPANEL_API_INSTANCE -> a
    com.mixpanel.android.mpmetrics.MixpanelAPI initializeSharedInstance(android.content.Context,java.lang.String) -> a
    com.mixpanel.android.mpmetrics.MixpanelAPI sharedInstance() -> a
    java.lang.String anonymizeAccount(java.lang.String) -> a
com.jvanier.android.sendtocar.common.SniHttpClient -> com.jvanier.android.sendtocar.common.h:
com.jvanier.android.sendtocar.common.TlsSniSocketFactory -> com.jvanier.android.sendtocar.common.i:
    javax.net.ssl.HostnameVerifier hostnameVerifier -> a
    java.net.Socket connectSocket(java.net.Socket,java.lang.String,int,java.net.InetAddress,int,org.apache.http.params.HttpParams) -> connectSocket
    java.net.Socket createSocket() -> createSocket
    boolean isSecure(java.net.Socket) -> isSecure
    java.net.Socket createSocket(java.net.Socket,java.lang.String,int,boolean) -> createSocket
...
android.support.v4.graphics.drawable.DrawableCompat$DrawableImpl -> android.support.v4.b.a.c:
    void jumpToCurrentState(android.graphics.drawable.Drawable) -> a
    void setAutoMirrored(android.graphics.drawable.Drawable,boolean) -> a
    boolean isAutoMirrored(android.graphics.drawable.Drawable) -> b
    void setHotspot(android.graphics.drawable.Drawable,float,float) -> a
    void setHotspotBounds(android.graphics.drawable.Drawable,int,int,int,int) -> a
    void setTint(android.graphics.drawable.Drawable,int) -> a
    void setTintList(android.graphics.drawable.Drawable,android.content.res.ColorStateList) -> a
    void setTintMode(android.graphics.drawable.Drawable,android.graphics.PorterDuff$Mode) -> a
android.support.v4.graphics.drawable.DrawableCompat$HoneycombDrawableImpl -> android.support.v4.b.a.d:
    void jumpToCurrentState(android.graphics.drawable.Drawable) -> a
android.support.v4.graphics.drawable.DrawableCompat$KitKatDrawableImpl -> android.support.v4.b.a.e:
    void setAutoMirrored(android.graphics.drawable.Drawable,boolean) -> a
    boolean isAutoMirrored(android.graphics.drawable.Drawable) -> b
android.support.v4.graphics.drawable.DrawableCompat$LDrawableImpl -> android.support.v4.b.a.f:
    void setHotspot(android.graphics.drawable.Drawable,float,float) -> a
    void setHotspotBounds(android.graphics.drawable.Drawable,int,int,int,int) -> a
    void setTint(android.graphics.drawable.Drawable,int) -> a
    void setTintList(android.graphics.drawable.Drawable,android.content.res.ColorStateList) -> a
    void setTintMode(android.graphics.drawable.Drawable,android.graphics.PorterDuff$Mode) -> a
android.support.v4.graphics.drawable.DrawableCompatHoneycomb -> android.support.v4.b.a.g:
    void jumpToCurrentState(android.graphics.drawable.Drawable) -> a
android.support.v4.graphics.drawable.DrawableCompatKitKat -> android.support.v4.b.a.h:
    void setAutoMirrored(android.graphics.drawable.Drawable,boolean) -> a
    boolean isAutoMirrored(android.graphics.drawable.Drawable) -> a
android.support.v4.graphics.drawable.DrawableCompatL -> android.support.v4.b.a.i:
    void setHotspot(android.graphics.drawable.Drawable,float,float) -> a
    void setHotspotBounds(android.graphics.drawable.Drawable,int,int,int,int) -> a
    void setTint(android.graphics.drawable.Drawable,int) -> a
    void setTintList(android.graphics.drawable.Drawable,android.content.res.ColorStateList) -> a
    void setTintMode(android.graphics.drawable.Drawable,android.graphics.PorterDuff$Mode) -> a
android.support.v4.internal.view.SupportMenu -> android.support.v4.c.a.a:
android.support.v4.internal.view.SupportMenuItem -> android.support.v4.c.a.b:
    void setShowAsAction(int) -> setShowAsAction
    android.view.MenuItem setShowAsActionFlags(int) -> setShowAsActionFlags
    android.view.MenuItem setActionView(android.view.View) -> setActionView
    android.view.MenuItem setActionView(int) -> setActionView
    android.view.View getActionView() -> getActionView
    android.support.v4.internal.view.SupportMenuItem setSupportActionProvider(android.support.v4.view.ActionProvider) -> a
    android.support.v4.view.ActionProvider getSupportActionProvider() -> a
    boolean expandActionView() -> expandActionView
    boolean collapseActionView() -> collapseActionView
    boolean isActionViewExpanded() -> isActionViewExpanded
    android.support.v4.internal.view.SupportMenuItem setSupportOnActionExpandListener(android.support.v4.view.MenuItemCompat$OnActionExpandListener) -> a
android.support.v4.internal.view.SupportSubMenu -> android.support.v4.c.a.c:
android.support.v4.media.MediaMetadataCompat -> android.support.v4.media.MediaMetadataCompat:
    android.support.v4.util.ArrayMap METADATA_KEYS_TYPE -> a
    android.os.Bundle mBundle -> b
    android.os.Parcelable$Creator CREATOR -> CREATOR
    int describeContents() -> describeContents
    void writeToParcel(android.os.Parcel,int) -> writeToParcel