proguard/usage.txt
com.jvanier.android.sendtocar.BuildConfig
com.jvanier.android.sendtocar.R
com.jvanier.android.sendtocar.R$anim
com.jvanier.android.sendtocar.R$attr
com.jvanier.android.sendtocar.R$bool
com.jvanier.android.sendtocar.R$color
com.jvanier.android.sendtocar.R$dimen
com.jvanier.android.sendtocar.R$drawable
com.jvanier.android.sendtocar.R$id
com.jvanier.android.sendtocar.R$integer
com.jvanier.android.sendtocar.R$layout
com.jvanier.android.sendtocar.R$string
com.jvanier.android.sendtocar.R$style
com.jvanier.android.sendtocar.R$styleable
com.jvanier.android.sendtocar.common.AbortHttpRequest:
    8:8:public AbortHttpRequest()
com.jvanier.android.sendtocar.common.BackgroundTaskAbort:
    15:16:public BackgroundTaskAbort(java.lang.String)
com.jvanier.android.sendtocar.common.Constants
com.jvanier.android.sendtocar.common.Log:
    private static final java.lang.String LOG_FILENAME
    25:26:private Log()
    110:114:public static int v(java.lang.String,java.lang.String)
    118:122:public static int v(java.lang.String,java.lang.String,java.lang.Throwable)
    150:154:public static int i(java.lang.String,java.lang.String,java.lang.Throwable)
    174:178:public static int w(java.lang.String,java.lang.Throwable)
com.jvanier.android.sendtocar.common.Mixpanel:
    6:6:public Mixpanel()
com.jvanier.android.sendtocar.common.TlsSniSocketFactory:
    private static final java.lang.String TAG
com.jvanier.android.sendtocar.common.Utils:
    16:16:public Utils()
com.jvanier.android.sendtocar.controllers.MakeActivity:
    public static final java.lang.String EXTRA_TYPE
    public static final java.lang.String TYPE_RECENT_VEHICLE
    public static final java.lang.String TYPE_MAKE
    public static final java.lang.String EXTRA_PROVIDER
    public static final java.lang.String EXTRA_RECENT_VEHICLE
com.jvanier.android.sendtocar.controllers.NavigationDrawerFragment:
    private static final java.lang.String PREF_USER_SHOWN_DRAWER
    172:172:public boolean isDrawerOpen()
com.jvanier.android.sendtocar.controllers.SendToCarApp:
    private static final java.lang.String TAG
com.jvanier.android.sendtocar.controllers.SendToCarFragment:
    private static final java.lang.String TAG
    private static final java.lang.String ADDRESS_ENTERED_MANUALLY
    private static final java.lang.String ADDRESS_FROM_GOOGLE_MAPS
    public static final int PICK_MAKE
com.jvanier.android.sendtocar.controllers.TutorialPageFragment:
    private static final java.lang.String KEY_DRAWABLE
    private static final java.lang.String KEY_MESSAGE
com.jvanier.android.sendtocar.downloaders.CarListManager:
    private static final java.lang.String TAG
    private static final java.lang.String FILENAME
    private static final java.lang.String DEFAULT_FILENAME
com.jvanier.android.sendtocar.downloaders.GoogleMapsAddressLoader:
    private static final java.lang.String TAG
com.jvanier.android.sendtocar.downloaders.GoogleMapsGeocoder:
    private static final java.lang.String GEOCODER_URL_TEMPLATE
    private static final java.lang.String TAG
com.jvanier.android.sendtocar.downloaders.IssueLoader:
    private static final java.lang.String TAG
com.jvanier.android.sendtocar.models.CarList:
    private static final int maxAgeInDays
    private static final int millisPerDay
com.jvanier.android.sendtocar.models.CarProvider:
    public static final int TYPE_CAR
    public static final int TYPE_GPS
    public static final int PROVIDER_GOOGLE_MAPS
    public static final int PROVIDER_MAPQUEST
    public static final int PROVIDER_ONSTAR
    public static final int PROVIDER_HERE_COM
com.jvanier.android.sendtocar.models.Credentials:
    private static final java.lang.String TAG
    private static final java.lang.String ASSET_FILENAME
    private static final java.lang.String PRODUCTION_KEY
    private static final java.lang.String DEVELOPMENT_KEY
...
android.support.v4.app.NotificationManagerCompat$Impl
android.support.v4.app.NotificationManagerCompat$ImplBase
android.support.v4.app.NotificationManagerCompat$ImplEclair
android.support.v4.app.NotificationManagerCompat$ImplIceCreamSandwich
android.support.v4.app.NotificationManagerCompat$NotifyTask
android.support.v4.app.NotificationManagerCompat$ServiceConnectedEvent
android.support.v4.app.NotificationManagerCompat$SideChannelManager
android.support.v4.app.NotificationManagerCompat$SideChannelManager$ListenerRecord
android.support.v4.app.NotificationManagerCompat$Task
android.support.v4.app.NotificationManagerCompatEclair
android.support.v4.app.NotificationManagerCompatIceCreamSandwich
android.support.v4.app.RemoteInput
android.support.v4.app.RemoteInput$1
android.support.v4.app.RemoteInput$Builder
android.support.v4.app.RemoteInput$Impl
android.support.v4.app.RemoteInput$ImplApi20
android.support.v4.app.RemoteInput$ImplBase
android.support.v4.app.RemoteInput$ImplJellybean
android.support.v4.app.RemoteInputCompatApi20
android.support.v4.app.RemoteInputCompatBase
android.support.v4.app.RemoteInputCompatBase$RemoteInput
android.support.v4.app.RemoteInputCompatBase$RemoteInput$Factory
android.support.v4.app.RemoteInputCompatJellybean
android.support.v4.app.ServiceCompat
android.support.v4.app.ShareCompat
android.support.v4.app.ShareCompat$IntentBuilder
android.support.v4.app.ShareCompat$IntentReader
android.support.v4.app.ShareCompat$ShareCompatImpl
android.support.v4.app.ShareCompat$ShareCompatImplBase
android.support.v4.app.ShareCompat$ShareCompatImplICS
android.support.v4.app.ShareCompat$ShareCompatImplJB
android.support.v4.app.ShareCompatICS
android.support.v4.app.ShareCompatJB
android.support.v4.app.SharedElementCallback:
    private android.graphics.Matrix mTempMatrix
    39:39:public SharedElementCallback()
    106:106:public void onRejectSharedElements(java.util.List)
    141:155:public android.os.Parcelable onCaptureSharedElementSnapshot(android.view.View,android.graphics.Matrix,android.graphics.RectF)
    176:182:public android.view.View onCreateSnapshotView(android.content.Context,android.os.Parcelable)
android.support.v4.app.TaskStackBuilder:
    private static final java.lang.String TAG
    150:150:public static android.support.v4.app.TaskStackBuilder from(android.content.Context)
    178:186:public android.support.v4.app.TaskStackBuilder addNextIntentWithParentStack(android.content.Intent)
    226:226:public android.support.v4.app.TaskStackBuilder addParentStack(java.lang.Class)
    256:256:public int getIntentCount()
    270:270:public android.content.Intent getIntent(int)
    282:282:public android.content.Intent editIntentAt(int)
    344:344:public android.app.PendingIntent getPendingIntent(int,int)
    361:371:public android.app.PendingIntent getPendingIntent(int,int,android.os.Bundle)
    382:391:public android.content.Intent[] getIntents()
android.support.v4.app.TaskStackBuilder$TaskStackBuilderImpl:
    public abstract android.app.PendingIntent getPendingIntent(android.content.Context,android.content.Intent[],int,int,android.os.Bundle)
android.support.v4.app.TaskStackBuilder$TaskStackBuilderImplBase:
    84:86:public android.app.PendingIntent getPendingIntent(android.content.Context,android.content.Intent[],int,int,android.os.Bundle)
android.support.v4.app.TaskStackBuilder$TaskStackBuilderImplHoneycomb:
    93:96:public android.app.PendingIntent getPendingIntent(android.content.Context,android.content.Intent[],int,int,android.os.Bundle)
android.support.v4.app.TaskStackBuilder$TaskStackBuilderImplJellybean
android.support.v4.app.TaskStackBuilderHoneycomb
android.support.v4.app.TaskStackBuilderJellybean
android.support.v4.content.AsyncTaskLoader
android.support.v4.content.AsyncTaskLoader$LoadTask